********************************************************************************
DUPLICATOR-LITE PACKAGE-LOG: 19 December, 2020 8:07 pm
NOTICE: Do NOT post to public sites or forums 
********************************************************************************
VERSION:	1.3.40.1
WORDPRESS:	5.5.3
PHP INFO:	7.4.4 | SAPI: apache2handler
SERVER:		Apache/2.4.43 (Win64) OpenSSL/1.1.1g PHP/7.4.4 
PHP TIME LIMIT: (0) no time limit imposed 
PHP MAX MEMORY: 4294967296 (512M default) 
MEMORY STACK: 6MB

********************************************************************************
DATABASE:
********************************************************************************
BUILD MODE:   MYSQLDUMP
MYSQLTIMEOUT: 5000
MYSQLDUMP:    Is Supported
SQL CREATED: 20201219_todostussegurosunsololugar_47e4f4c17e61dcf55659_20201219200654_database.sql
SQL FILE SIZE: 2.21MB (2315220)
SQL FILE TIME: 2020-12-19 20:07:17
SQL RUNTIME: 0.96 sec.

********************************************************************************
ARCHIVE (ZIP):
********************************************************************************
ARCHIVE DIR:  C:/xamppnew/htdocs/enseguros
ARCHIVE FILE: 20201219_todostussegurosunsololugar_47e4f4c17e61dcf55659_20201219200654_archive.zip
FILTERS: *OFF*
DIRS:
	not set
FILES:
	not set
EXTS:  not set
----------------------------------------
COMPRESSING
SIZE:	143.48MB
STATS:	Dirs 779 | Files 4,515
SQL ADDED: 20201219_todostussegurosunsololugar_47e4f4c17e61dcf55659_20201219200654_database.sql
ZipArchive Object
(
    [status] => 0
    [statusSys] => 0
    [numFiles] => 5294
    [filename] => C:\xamppnew\htdocs\enseguros\wp-content\backups-dup-lite\tmp\20201219_todostussegurosunsololugar_47e4f4c17e61dcf55659_20201219200654_archive.zip
    [comment] => 
)

FILE ADDED TO ZIP: 5293
COMPRESSION RESULT: '1'
COMPRESSED SIZE: 77.78MB
ARCHIVE RUNTIME: 12.00 sec.
MEMORY STACK: 8MB
building installer
add_extra_files1
add_extra_files2
add_extra_files3
add_extra_files4
Doing archive file check
add_extra_files5
add_extra_files6
add_extra_files8
Successfully opened zip C:/xamppnew/htdocs/enseguros/wp-content/backups-dup-lite/tmp/20201219_todostussegurosunsololugar_47e4f4c17e61dcf55659_20201219200654_archive.zip
Adding enhanced installer files to archive using ZipArchive
Installer files added to archive
Added to archive
After ziparchive close when adding installer

********************************************************************************
INTEGRITY CHECKS:
********************************************************************************
SQL FILE: 2.21MB
INSTALLER FILE: 61.3KB
ARCHIVE FILE: 79.28MB 
EXPECTED FILE/DIRECTORY COUNT: 5,294
ACTUAL FILE/DIRECTORY COUNT: 5,293
ARCHIVE CONSISTENCY TEST: Pass

********************************************************************************
RECORD ID:[1]
TOTAL PROCESS RUNTIME: 13.88 sec.
PEAK PHP MEMORY USED: 8MB
DONE PROCESSING => 20201219_todostussegurosunsololugar 19 December, 2020 8:07 pm

